{"level":"mail","message":"a user logged in... stefan@flitz.ch"}
{"level":"mail","message":"a user logged in... stefan@flitz.ch"}
{"level":"mail","message":"a user logged in... stefan@flitz.ch"}
{"level":"error","service":"voty"}
{"level":"mail","message":"a user logged in... stefan@flitz.ch"}
{"message":"Bllaa","level":"error","service":"voty"}
{ level: 'mail', message: 'a user logged in... stefan@flitz.ch' }
{ message: 'Bllaa', level: 'error', service: 'voty' }
{"level":"mail","message":"a user logged in... stefan@flitz.ch"}
{"message":"Bllaa","level":"error","service":"voty"}
{ level: 'mail', message: 'a user logged in... stefan@flitz.ch' }
{ message: 'Bllaa', level: 'error', service: 'voty' }
{ level: 'mail', message: 'a user logged in... stefan@flitz.ch' }
{ message: 'Bllaa', level: 'error', service: 'voty' }
{ level: 'mail', message: 'a user logged in... stefan@flitz.ch' }
{ message: 'Bllaa', level: 'error', service: 'voty' }
{ level: 'mail', message: 'a user logged in... stefan@flitz.ch' }
{ message: 'Bllaa', level: 'error', service: 'voty' }
{ level: 'mail', message: 'a user logged in... stefan@flitz.ch' }
{ message: 'Bllaa', level: 'error', service: 'voty' }
{ level: 'mail', message: 'a user logged in... stefan@flitz.ch' }
{ message: 'we will rock you', level: 'info', service: 'voty' }
{ message: 'Bllaa', level: 'error', service: 'voty' }
{ level: 'mail', message: 'a user logged in... stefan@flitz.ch' }
{ message: 'we will rock you', level: 'info', service: 'voty' }
{ message: 'Bllaa', level: 'error', service: 'voty' }
undefined
[31merror[39m: colors[Colorizer.allColors[lookup]] is not a function {"service":"voty"}
[32mmail[39m: a user logged in... stefan@flitz.ch
[32minfo[39m: we will rock you {"service":"voty"}
[31merror[39m: Bllaa {"service":"voty"}
[[32mmail[39m] a user logged in... stefan@flitz.ch
[[32minfo[39m] we will rock you
[[31merror[39m] Bllaa
[[32mmail[39m] undefineda user logged in... stefan@flitz.ch
[[32minfo[39m]     we will rock you
[[31merror[39m]    Bllaa
